2024-08-09T17:15:22.561+05:30  INFO 3317 --- [SpringBootFirstProject] [main] S.SpringBootFirstProjectApplicationTests : Starting SpringBootFirstProjectApplicationTests using Java 22.0.1 with PID 3317 (started by parimal in /Users/parimal/Java_Projects/Spring_Boot_First_Project)
2024-08-09T17:15:22.562+05:30  INFO 3317 --- [SpringBootFirstProject] [main] S.SpringBootFirstProjectApplicationTests : No active profile set, falling back to 1 default profile: "default"
2024-08-09T17:15:23.077+05:30  INFO 3317 --- [SpringBootFirstProject] [main] .s.d.r.c.RepositoryConfigurationDelegate : Bootstrapping Spring Data JPA repositories in DEFAULT mode.
2024-08-09T17:15:23.118+05:30  INFO 3317 --- [SpringBootFirstProject] [main] .s.d.r.c.RepositoryConfigurationDelegate : Finished Spring Data repository scanning in 36 ms. Found 4 JPA repository interfaces.
2024-08-09T17:15:23.546+05:30  INFO 3317 --- [SpringBootFirstProject] [main] o.hibernate.jpa.internal.util.LogHelper  : HHH000204: Processing PersistenceUnitInfo [name: default]
2024-08-09T17:15:23.598+05:30  INFO 3317 --- [SpringBootFirstProject] [main] org.hibernate.Version                    : HHH000412: Hibernate ORM core version 6.5.2.Final
2024-08-09T17:15:23.629+05:30  INFO 3317 --- [SpringBootFirstProject] [main] o.h.c.internal.RegionFactoryInitiator    : HHH000026: Second-level cache disabled
2024-08-09T17:15:23.685+05:30  INFO 3317 --- [SpringBootFirstProject] [main] o.h.e.boot.internal.EnversServiceImpl    : Envers integration enabled? : true
2024-08-09T17:15:23.856+05:30  INFO 3317 --- [SpringBootFirstProject] [main] o.s.o.j.p.SpringPersistenceUnitInfo      : No LoadTimeWeaver setup: ignoring JPA class transformer
2024-08-09T17:15:23.872+05:30  INFO 3317 --- [SpringBootFirstProject] [main] com.zaxxer.hikari.HikariDataSource       : HikariPool-1 - Starting...
2024-08-09T17:15:24.002+05:30  INFO 3317 --- [SpringBootFirstProject] [main] com.zaxxer.hikari.pool.HikariPool        : HikariPool-1 - Added connection com.mysql.cj.jdbc.ConnectionImpl@5efe5b25
2024-08-09T17:15:24.003+05:30  INFO 3317 --- [SpringBootFirstProject] [main] com.zaxxer.hikari.HikariDataSource       : HikariPool-1 - Start completed.
2024-08-09T17:15:24.241+05:30  INFO 3317 --- [SpringBootFirstProject] [main] o.h.e.c.i.m.AuditMetadataGenerator       : Adding properties for entity: com.parimal.firstProject.SpringBootFirstProject.SpringBoot_MVC_And_RestAPIs.entities.EmployeeEntity2
2024-08-09T17:15:25.022+05:30 ERROR 3317 --- [SpringBootFirstProject] [main] o.h.metamodel.internal.MetadataContext   : HHH015007: Illegal argument on static metamodel field injection : org.hibernate.envers.DefaultRevisionEntity_#class_; expected type :  org.hibernate.metamodel.model.domain.internal.EntityTypeImpl; encountered type : jakarta.persistence.metamodel.MappedSuperclassType
2024-08-09T17:15:25.030+05:30  INFO 3317 --- [SpringBootFirstProject] [main] o.h.e.t.j.p.i.JtaPlatformInitiator       : HHH000489: No JTA platform available (set 'hibernate.transaction.jta.platform' to enable JTA platform integration)
2024-08-09T17:15:25.121+05:30  INFO 3317 --- [SpringBootFirstProject] [main] j.LocalContainerEntityManagerFactoryBean : Initialized JPA EntityManagerFactory for persistence unit 'default'
2024-08-09T17:15:25.510+05:30  INFO 3317 --- [SpringBootFirstProject] [main] o.s.d.j.r.query.QueryEnhancerFactory     : Hibernate is in classpath; If applicable, HQL parser will be used.
2024-08-09T17:15:25.952+05:30  WARN 3317 --- [SpringBootFirstProject] [main] JpaBaseConfiguration$JpaWebConfiguration : spring.jpa.open-in-view is enabled by default. Therefore, database queries may be performed during view rendering. Explicitly configure spring.jpa.open-in-view to disable this warning
2024-08-09T17:15:26.148+05:30  INFO 3317 --- [SpringBootFirstProject] [main] o.s.b.a.h2.H2ConsoleAutoConfiguration    : H2 console available at '/h2-console'. Database available at 'jdbc:mysql://localhost:3306/shop?useSSL=false'
2024-08-09T17:15:26.194+05:30  INFO 3317 --- [SpringBootFirstProject] [main] S.SpringBootFirstProjectApplicationTests : Started SpringBootFirstProjectApplicationTests in 3.928 seconds (process running for 4.788)
2024-08-09T17:15:26.543+05:30 ERROR 3317 --- [SpringBootFirstProject] [main] p.f.S.S.c.i.EmployeeClientImplementation : error log
2024-08-09T17:15:26.543+05:30  WARN 3317 --- [SpringBootFirstProject] [main] p.f.S.S.c.i.EmployeeClientImplementation : warn log
2024-08-09T17:15:26.543+05:30  INFO 3317 --- [SpringBootFirstProject] [main] p.f.S.S.c.i.EmployeeClientImplementation : info log
2024-08-09T17:15:26.543+05:30 TRACE 3317 --- [SpringBootFirstProject] [main] p.f.S.S.c.i.EmployeeClientImplementation : trace log
2024-08-09T17:15:26.543+05:30 TRACE 3317 --- [SpringBootFirstProject] [main] p.f.S.S.c.i.EmployeeClientImplementation : Trying to fetch the employees from the another server!

2024-08-09T17:15:26.659+05:30 DEBUG 3317 --- [SpringBootFirstProject] [main] p.f.S.S.c.i.EmployeeClientImplementation : Successfully get all the employees
2024-08-09T17:15:26.659+05:30 TRACE 3317 --- [SpringBootFirstProject] [main] p.f.S.S.c.i.EmployeeClientImplementation : Retrieved employees are: [Employee2DTO(id=1, name=Parimal, managedDepartment=null, workerDepartment=null, freelanceDepartments=null), Employee2DTO(id=2, name=Parimal, managedDepartment=null, workerDepartment=null, freelanceDepartments=null), Employee2DTO(id=3, name=Ram, managedDepartment=null, workerDepartment=null, freelanceDepartments=null), Employee2DTO(id=4, name=Rohit, managedDepartment=null, workerDepartment=null, freelanceDepartments=null), Employee2DTO(id=5, name=Shashank, managedDepartment=null, workerDepartment=null, freelanceDepartments=null), Employee2DTO(id=6, name=Raman, managedDepartment=null, workerDepartment=null, freelanceDepartments=null), Employee2DTO(id=7, name=Mohit, managedDepartment=null, workerDepartment=null, freelanceDepartments=null), Employee2DTO(id=8, name=Mohit, managedDepartment=null, workerDepartment=null, freelanceDepartments=null), Employee2DTO(id=9, name=Mohit, managedDepartment=null, workerDepartment=null, freelanceDepartments=null), Employee2DTO(id=10, name=Mohit, managedDepartment=null, workerDepartment=null, freelanceDepartments=null), Employee2DTO(id=11, name=Mohit, managedDepartment=null, workerDepartment=null, freelanceDepartments=null), Employee2DTO(id=12, name=Mohit, managedDepartment=null, workerDepartment=null, freelanceDepartments=null), Employee2DTO(id=13, name=Mohit, managedDepartment=null, workerDepartment=null, freelanceDepartments=null), Employee2DTO(id=14, name=Mohit, managedDepartment=null, workerDepartment=null, freelanceDepartments=null), Employee2DTO(id=15, name=Mohit, managedDepartment=null, workerDepartment=null, freelanceDepartments=null), Employee2DTO(id=16, name=Mohit, managedDepartment=null, workerDepartment=null, freelanceDepartments=null), Employee2DTO(id=17, name=Mohit, managedDepartment=null, workerDepartment=null, freelanceDepartments=null), Employee2DTO(id=18, name=Mohit, managedDepartment=null, workerDepartment=null, freelanceDepartments=null), Employee2DTO(id=19, name=Mohit, managedDepartment=null, workerDepartment=null, freelanceDepartments=null), Employee2DTO(id=20, name=Mohit, managedDepartment=null, workerDepartment=null, freelanceDepartments=null), Employee2DTO(id=21, name=Mohit, managedDepartment=null, workerDepartment=null, freelanceDepartments=null), Employee2DTO(id=22, name=Mohit, managedDepartment=null, workerDepartment=null, freelanceDepartments=null), Employee2DTO(id=23, name=Mohit, managedDepartment=null, workerDepartment=null, freelanceDepartments=null), Employee2DTO(id=24, name=Mohit, managedDepartment=null, workerDepartment=null, freelanceDepartments=null), Employee2DTO(id=25, name=Mohit, managedDepartment=null, workerDepartment=null, freelanceDepartments=null), Employee2DTO(id=26, name=Mohit, managedDepartment=null, workerDepartment=null, freelanceDepartments=null), Employee2DTO(id=27, name=Mohit, managedDepartment=null, workerDepartment=null, freelanceDepartments=null), Employee2DTO(id=28, name=Mohit, managedDepartment=null, workerDepartment=null, freelanceDepartments=null)]
2024-08-09T17:15:26.715+05:30  INFO 3317 --- [SpringBootFirstProject] [SpringApplicationShutdownHook] j.LocalContainerEntityManagerFactoryBean : Closing JPA EntityManagerFactory for persistence unit 'default'
2024-08-09T17:15:26.716+05:30  INFO 3317 --- [SpringBootFirstProject] [SpringApplicationShutdownHook] com.zaxxer.hikari.HikariDataSource       : HikariPool-1 - Shutdown initiated...
2024-08-09T17:15:26.721+05:30  INFO 3317 --- [SpringBootFirstProject] [SpringApplicationShutdownHook] com.zaxxer.hikari.HikariDataSource       : HikariPool-1 - Shutdown completed.
2024-08-09T17:15:31.989+05:30  INFO 3331 --- [SpringBootFirstProject] [main] S.SpringBootFirstProjectApplicationTests : Starting SpringBootFirstProjectApplicationTests using Java 22.0.1 with PID 3331 (started by parimal in /Users/parimal/Java_Projects/Spring_Boot_First_Project)
2024-08-09T17:15:31.990+05:30  INFO 3331 --- [SpringBootFirstProject] [main] S.SpringBootFirstProjectApplicationTests : No active profile set, falling back to 1 default profile: "default"
2024-08-09T17:15:32.407+05:30  INFO 3331 --- [SpringBootFirstProject] [main] .s.d.r.c.RepositoryConfigurationDelegate : Bootstrapping Spring Data JPA repositories in DEFAULT mode.
2024-08-09T17:15:32.442+05:30  INFO 3331 --- [SpringBootFirstProject] [main] .s.d.r.c.RepositoryConfigurationDelegate : Finished Spring Data repository scanning in 32 ms. Found 4 JPA repository interfaces.
2024-08-09T17:15:32.784+05:30  INFO 3331 --- [SpringBootFirstProject] [main] o.hibernate.jpa.internal.util.LogHelper  : HHH000204: Processing PersistenceUnitInfo [name: default]
2024-08-09T17:15:32.817+05:30  INFO 3331 --- [SpringBootFirstProject] [main] org.hibernate.Version                    : HHH000412: Hibernate ORM core version 6.5.2.Final
2024-08-09T17:15:32.852+05:30  INFO 3331 --- [SpringBootFirstProject] [main] o.h.c.internal.RegionFactoryInitiator    : HHH000026: Second-level cache disabled
2024-08-09T17:15:32.898+05:30  INFO 3331 --- [SpringBootFirstProject] [main] o.h.e.boot.internal.EnversServiceImpl    : Envers integration enabled? : true
2024-08-09T17:15:33.027+05:30  INFO 3331 --- [SpringBootFirstProject] [main] o.s.o.j.p.SpringPersistenceUnitInfo      : No LoadTimeWeaver setup: ignoring JPA class transformer
2024-08-09T17:15:33.042+05:30  INFO 3331 --- [SpringBootFirstProject] [main] com.zaxxer.hikari.HikariDataSource       : HikariPool-1 - Starting...
2024-08-09T17:15:33.138+05:30  INFO 3331 --- [SpringBootFirstProject] [main] com.zaxxer.hikari.pool.HikariPool        : HikariPool-1 - Added connection com.mysql.cj.jdbc.ConnectionImpl@7740b0ab
2024-08-09T17:15:33.139+05:30  INFO 3331 --- [SpringBootFirstProject] [main] com.zaxxer.hikari.HikariDataSource       : HikariPool-1 - Start completed.
2024-08-09T17:15:33.345+05:30  INFO 3331 --- [SpringBootFirstProject] [main] o.h.e.c.i.m.AuditMetadataGenerator       : Adding properties for entity: com.parimal.firstProject.SpringBootFirstProject.SpringBoot_MVC_And_RestAPIs.entities.EmployeeEntity2
2024-08-09T17:15:33.857+05:30 ERROR 3331 --- [SpringBootFirstProject] [main] o.h.metamodel.internal.MetadataContext   : HHH015007: Illegal argument on static metamodel field injection : org.hibernate.envers.DefaultRevisionEntity_#class_; expected type :  org.hibernate.metamodel.model.domain.internal.EntityTypeImpl; encountered type : jakarta.persistence.metamodel.MappedSuperclassType
2024-08-09T17:15:33.864+05:30  INFO 3331 --- [SpringBootFirstProject] [main] o.h.e.t.j.p.i.JtaPlatformInitiator       : HHH000489: No JTA platform available (set 'hibernate.transaction.jta.platform' to enable JTA platform integration)
2024-08-09T17:15:33.952+05:30  INFO 3331 --- [SpringBootFirstProject] [main] j.LocalContainerEntityManagerFactoryBean : Initialized JPA EntityManagerFactory for persistence unit 'default'
2024-08-09T17:15:34.327+05:30  INFO 3331 --- [SpringBootFirstProject] [main] o.s.d.j.r.query.QueryEnhancerFactory     : Hibernate is in classpath; If applicable, HQL parser will be used.
2024-08-09T17:15:34.750+05:30  WARN 3331 --- [SpringBootFirstProject] [main] JpaBaseConfiguration$JpaWebConfiguration : spring.jpa.open-in-view is enabled by default. Therefore, database queries may be performed during view rendering. Explicitly configure spring.jpa.open-in-view to disable this warning
2024-08-09T17:15:34.914+05:30  INFO 3331 --- [SpringBootFirstProject] [main] o.s.b.a.h2.H2ConsoleAutoConfiguration    : H2 console available at '/h2-console'. Database available at 'jdbc:mysql://localhost:3306/shop?useSSL=false'
2024-08-09T17:15:34.948+05:30  INFO 3331 --- [SpringBootFirstProject] [main] S.SpringBootFirstProjectApplicationTests : Started SpringBootFirstProjectApplicationTests in 3.202 seconds (process running for 3.816)
2024-08-09T17:15:35.295+05:30 ERROR 3331 --- [SpringBootFirstProject] [main] p.f.S.S.c.i.EmployeeClientImplementation : error log
2024-08-09T17:15:35.295+05:30  WARN 3331 --- [SpringBootFirstProject] [main] p.f.S.S.c.i.EmployeeClientImplementation : warn log
2024-08-09T17:15:35.295+05:30  INFO 3331 --- [SpringBootFirstProject] [main] p.f.S.S.c.i.EmployeeClientImplementation : info log
2024-08-09T17:15:35.295+05:30 TRACE 3331 --- [SpringBootFirstProject] [main] p.f.S.S.c.i.EmployeeClientImplementation : trace log
2024-08-09T17:15:35.295+05:30 TRACE 3331 --- [SpringBootFirstProject] [main] p.f.S.S.c.i.EmployeeClientImplementation : Trying to fetch the employees from the another server!

2024-08-09T17:15:35.404+05:30 DEBUG 3331 --- [SpringBootFirstProject] [main] p.f.S.S.c.i.EmployeeClientImplementation : Successfully get all the employees
2024-08-09T17:15:35.404+05:30 TRACE 3331 --- [SpringBootFirstProject] [main] p.f.S.S.c.i.EmployeeClientImplementation : Retrieved employees are: [Employee2DTO(id=1, name=Parimal, managedDepartment=null, workerDepartment=null, freelanceDepartments=null), Employee2DTO(id=2, name=Parimal, managedDepartment=null, workerDepartment=null, freelanceDepartments=null), Employee2DTO(id=3, name=Ram, managedDepartment=null, workerDepartment=null, freelanceDepartments=null), Employee2DTO(id=4, name=Rohit, managedDepartment=null, workerDepartment=null, freelanceDepartments=null), Employee2DTO(id=5, name=Shashank, managedDepartment=null, workerDepartment=null, freelanceDepartments=null), Employee2DTO(id=6, name=Raman, managedDepartment=null, workerDepartment=null, freelanceDepartments=null), Employee2DTO(id=7, name=Mohit, managedDepartment=null, workerDepartment=null, freelanceDepartments=null), Employee2DTO(id=8, name=Mohit, managedDepartment=null, workerDepartment=null, freelanceDepartments=null), Employee2DTO(id=9, name=Mohit, managedDepartment=null, workerDepartment=null, freelanceDepartments=null), Employee2DTO(id=10, name=Mohit, managedDepartment=null, workerDepartment=null, freelanceDepartments=null), Employee2DTO(id=11, name=Mohit, managedDepartment=null, workerDepartment=null, freelanceDepartments=null), Employee2DTO(id=12, name=Mohit, managedDepartment=null, workerDepartment=null, freelanceDepartments=null), Employee2DTO(id=13, name=Mohit, managedDepartment=null, workerDepartment=null, freelanceDepartments=null), Employee2DTO(id=14, name=Mohit, managedDepartment=null, workerDepartment=null, freelanceDepartments=null), Employee2DTO(id=15, name=Mohit, managedDepartment=null, workerDepartment=null, freelanceDepartments=null), Employee2DTO(id=16, name=Mohit, managedDepartment=null, workerDepartment=null, freelanceDepartments=null), Employee2DTO(id=17, name=Mohit, managedDepartment=null, workerDepartment=null, freelanceDepartments=null), Employee2DTO(id=18, name=Mohit, managedDepartment=null, workerDepartment=null, freelanceDepartments=null), Employee2DTO(id=19, name=Mohit, managedDepartment=null, workerDepartment=null, freelanceDepartments=null), Employee2DTO(id=20, name=Mohit, managedDepartment=null, workerDepartment=null, freelanceDepartments=null), Employee2DTO(id=21, name=Mohit, managedDepartment=null, workerDepartment=null, freelanceDepartments=null), Employee2DTO(id=22, name=Mohit, managedDepartment=null, workerDepartment=null, freelanceDepartments=null), Employee2DTO(id=23, name=Mohit, managedDepartment=null, workerDepartment=null, freelanceDepartments=null), Employee2DTO(id=24, name=Mohit, managedDepartment=null, workerDepartment=null, freelanceDepartments=null), Employee2DTO(id=25, name=Mohit, managedDepartment=null, workerDepartment=null, freelanceDepartments=null), Employee2DTO(id=26, name=Mohit, managedDepartment=null, workerDepartment=null, freelanceDepartments=null), Employee2DTO(id=27, name=Mohit, managedDepartment=null, workerDepartment=null, freelanceDepartments=null), Employee2DTO(id=28, name=Mohit, managedDepartment=null, workerDepartment=null, freelanceDepartments=null), Employee2DTO(id=29, name=Mohit, managedDepartment=null, workerDepartment=null, freelanceDepartments=null)]
2024-08-09T17:15:35.460+05:30  INFO 3331 --- [SpringBootFirstProject] [SpringApplicationShutdownHook] j.LocalContainerEntityManagerFactoryBean : Closing JPA EntityManagerFactory for persistence unit 'default'
2024-08-09T17:15:35.462+05:30  INFO 3331 --- [SpringBootFirstProject] [SpringApplicationShutdownHook] com.zaxxer.hikari.HikariDataSource       : HikariPool-1 - Shutdown initiated...
2024-08-09T17:15:35.467+05:30  INFO 3331 --- [SpringBootFirstProject] [SpringApplicationShutdownHook] com.zaxxer.hikari.HikariDataSource       : HikariPool-1 - Shutdown completed.
